0 info it worked if it ends with ok
1 verbose cli [ 'C:\\Program Files\\nodejs\\node.exe',
1 verbose cli   'C:\\Program Files\\nodejs\\node_modules\\npm\\bin\\npm-cli.js',
1 verbose cli   'run',
1 verbose cli   'buildWin' ]
2 info using npm@3.3.12
3 info using node@v5.4.1
4 verbose run-script [ 'prebuildWin', 'buildWin', 'postbuildWin' ]
5 info lifecycle cube-player@1.0.0~prebuildWin: cube-player@1.0.0
6 silly lifecycle cube-player@1.0.0~prebuildWin: no script for prebuildWin, continuing
7 info lifecycle cube-player@1.0.0~buildWin: cube-player@1.0.0
8 verbose lifecycle cube-player@1.0.0~buildWin: unsafe-perm in lifecycle true
9 verbose lifecycle cube-player@1.0.0~buildWin: PATH: C:\Program Files\nodejs\node_modules\npm\bin\node-gyp-bin;C:\Users\Dev\Desktop\Project\cube-player\node_modules\.bin;C:\Users\Dev\AppData\Roaming\npm;C:\Program Files\nodejs\;C:\ProgramData\Oracle\Java\javapath;C:\Windows\system32;C:\Windows;C:\Windows\System32\Wbem;C:\Windows\System32\WindowsPowerShell\v1.0\;C:\Program Files (x86)\NVIDIA Corporation\PhysX\Common;C:\Program Files\nodejs\;C:\Program Files (x86)\Skype\Phone\;C:\Program Files\Git\cmd;C:\Users\Dev\AppData\Local\atom\bin;C:\Users\Dev\AppData\Roaming\npm;C:\Python27\;C:\Python27\Scripts\
10 verbose lifecycle cube-player@1.0.0~buildWin: CWD: C:\Users\Dev\Desktop\Project\cube-player
11 silly lifecycle cube-player@1.0.0~buildWin: Args: [ '/d /s /c',
11 silly lifecycle   'npm run packWin && electron-builder "dist/win/CubePlayer-win32-x64" --platform=win --out=dist/win --config=builder.json' ]
12 silly lifecycle cube-player@1.0.0~buildWin: Returned: code: 1  signal: null
13 info lifecycle cube-player@1.0.0~buildWin: Failed to exec buildWin script
14 verbose stack Error: cube-player@1.0.0 buildWin: `npm run packWin && electron-builder "dist/win/CubePlayer-win32-x64" --platform=win --out=dist/win --config=builder.json`
14 verbose stack Exit status 1
14 verbose stack     at EventEmitter.<anonymous> (C:\Program Files\nodejs\node_modules\npm\lib\utils\lifecycle.js:232:16)
14 verbose stack     at emitTwo (events.js:87:13)
14 verbose stack     at EventEmitter.emit (events.js:172:7)
14 verbose stack     at ChildProcess.<anonymous> (C:\Program Files\nodejs\node_modules\npm\lib\utils\spawn.js:24:14)
14 verbose stack     at emitTwo (events.js:87:13)
14 verbose stack     at ChildProcess.emit (events.js:172:7)
14 verbose stack     at maybeClose (internal/child_process.js:821:16)
14 verbose stack     at Process.ChildProcess._handle.onexit (internal/child_process.js:211:5)
15 verbose pkgid cube-player@1.0.0
16 verbose cwd C:\Users\Dev\Desktop\Project\cube-player
17 error Windows_NT 10.0.10586
18 error argv "C:\\Program Files\\nodejs\\node.exe" "C:\\Program Files\\nodejs\\node_modules\\npm\\bin\\npm-cli.js" "run" "buildWin"
19 error node v5.4.1
20 error npm  v3.3.12
21 error code ELIFECYCLE
22 error cube-player@1.0.0 buildWin: `npm run packWin && electron-builder "dist/win/CubePlayer-win32-x64" --platform=win --out=dist/win --config=builder.json`
22 error Exit status 1
23 error Failed at the cube-player@1.0.0 buildWin script 'npm run packWin && electron-builder "dist/win/CubePlayer-win32-x64" --platform=win --out=dist/win --config=builder.json'.
23 error Make sure you have the latest version of node.js and npm installed.
23 error If you do, this is most likely a problem with the cube-player package,
23 error not with npm itself.
23 error Tell the author that this fails on your system:
23 error     npm run packWin && electron-builder "dist/win/CubePlayer-win32-x64" --platform=win --out=dist/win --config=builder.json
23 error You can get their info via:
23 error     npm owner ls cube-player
23 error There is likely additional logging output above.
24 verbose exit [ 1, true ]
